Build started 11/23/2015 2:28:12 PM.
     1>Project "C:\Users\User\Desktop\Study\ECE341 - Computer Hardware\Project 1\ECE-Project1\BigInt\BigInt.vcxproj" on node 2 (Build target(s)).
     1>ClCompile:
         C:\Program Files (x86)\Visual Studio Ultimate 2013\VC\bin\CL.exe /c /Zi /nologo /W3 /WX- /sdl /O2 /Oi /Oy- /GL /D WIN32 /D NDEBUG /D _CONSOLE /D _LIB /D _UNICODE /D UNICODE /Gm- /EHsc /MD /GS /Gy /fp:precise /Zc:wchar_t /Zc:forScope /Fo"Release\\" /Fd"Release\vc120.pdb" /Gd /TP /analyze- /errorReport:prompt BigInt.cpp Main.cpp QInt.cpp
         BigInt.cpp
         Main.cpp
     1>Main.cpp(10): warning C4390: ';' : empty controlled statement found; is this the intent?
         QInt.cpp
     1>QInt.cpp(161): warning C4244: '=' : conversion from '__int64' to 'unsigned int', possible loss of data
     1>QInt.cpp(349): warning C4101: 'tmp' : unreferenced local variable
       Link:
         C:\Program Files (x86)\Visual Studio Ultimate 2013\VC\bin\link.exe /ERRORREPORT:PROMPT /OUT:"C:\Users\User\Desktop\Study\ECE341 - Computer Hardware\Project 1\ECE-Project1\Release\BigInt.exe" /INCREMENTAL:NO /NOLOGO kernel32.lib user32.lib gdi32.lib winspool.lib comdlg32.lib advapi32.lib shell32.lib ole32.lib oleaut32.lib uuid.lib odbc32.lib odbccp32.lib /MANIFEST /MANIFESTUAC:"level='asInvoker' uiAccess='false'" /manifest:embed /DEBUG /PDB:"C:\Users\User\Desktop\Study\ECE341 - Computer Hardware\Project 1\ECE-Project1\Release\BigInt.pdb" /SUBSYSTEM:CONSOLE /OPT:REF /OPT:ICF /LTCG /TLBID:1 /DYNAMICBASE /NXCOMPAT /IMPLIB:"C:\Users\User\Desktop\Study\ECE341 - Computer Hardware\Project 1\ECE-Project1\Release\BigInt.lib" /MACHINE:X86 /SAFESEH Release\BigInt.obj
         Release\Main.obj
         Release\QInt.obj
         Generating code
         Finished generating code
         BigInt.vcxproj -> C:\Users\User\Desktop\Study\ECE341 - Computer Hardware\Project 1\ECE-Project1\Release\BigInt.exe
     1>Done Building Project "C:\Users\User\Desktop\Study\ECE341 - Computer Hardware\Project 1\ECE-Project1\BigInt\BigInt.vcxproj" (Build target(s)).

Build succeeded.

Time Elapsed 00:00:02.88
